C:\USERS\CSOULAKIAN\DOCUMENTS\COMP 271\HOMEWORKS\HW2\HW2\DEBUG\HW2.PCH
C:\USERS\CSOULAKIAN\DOCUMENTS\COMP 271\HOMEWORKS\HW2\HW2\DEBUG\STDAFX.OBJ
C:\USERS\CSOULAKIAN\DOCUMENTS\COMP 271\HOMEWORKS\HW2\HW2\DEBUG\VC110.PDB
C:\USERS\CSOULAKIAN\DOCUMENTS\COMP 271\HOMEWORKS\HW2\HW2\DEBUG\HW2.OBJ
C:\USERS\CSOULAKIAN\DOCUMENTS\COMP 271\HOMEWORKS\HW2\HW2\DEBUG\POLYNOMIAL.OBJ
C:\USERS\CSOULAKIAN\DOCUMENTS\COMP 271\HOMEWORKS\HW2\DEBUG\HW2.ILK
C:\USERS\CSOULAKIAN\DOCUMENTS\COMP 271\HOMEWORKS\HW2\DEBUG\HW2.EXE
C:\USERS\CSOULAKIAN\DOCUMENTS\COMP 271\HOMEWORKS\HW2\DEBUG\HW2.PDB
C:\Users\csoulakian\Documents\COMP 271\homeworks\HW2\HW2\Debug\HW2.obj
C:\Users\csoulakian\Documents\COMP 271\homeworks\HW2\HW2\Debug\Polynomial.obj
C:\Users\csoulakian\Documents\COMP 271\homeworks\HW2\HW2\Debug\stdafx.obj
C:\Users\csoulakian\Documents\COMP 271\homeworks\HW2\HW2\Debug\cl.command.1.tlog
C:\Users\csoulakian\Documents\COMP 271\homeworks\HW2\HW2\Debug\CL.read.1.tlog
C:\Users\csoulakian\Documents\COMP 271\homeworks\HW2\HW2\Debug\CL.write.1.tlog
C:\Users\csoulakian\Documents\COMP 271\homeworks\HW2\HW2\Debug\link-cvtres.read.1.tlog
C:\Users\csoulakian\Documents\COMP 271\homeworks\HW2\HW2\Debug\link-cvtres.write.1.tlog
C:\Users\csoulakian\Documents\COMP 271\homeworks\HW2\HW2\Debug\link-rc.read.1.tlog
C:\Users\csoulakian\Documents\COMP 271\homeworks\HW2\HW2\Debug\link-rc.write.1.tlog
C:\Users\csoulakian\Documents\COMP 271\homeworks\HW2\HW2\Debug\link.command.1.tlog
C:\Users\csoulakian\Documents\COMP 271\homeworks\HW2\HW2\Debug\link.read.1.tlog
C:\Users\csoulakian\Documents\COMP 271\homeworks\HW2\HW2\Debug\link.write.1.tlog
C:\Users\csoulakian\Documents\COMP 271\homeworks\HW2\HW2\Debug\HW2.pch
C:\Users\csoulakian\Documents\COMP 271\homeworks\HW2\HW2\Debug\vc110.idb
C:\Users\csoulakian\Documents\COMP 271\homeworks\HW2\HW2\Debug\vc110.pdb
C:\Users\csoulakian\Documents\COMP 271\homeworks\HW2\Debug\HW2.pdb
C:\Users\csoulakian\Documents\COMP 271\homeworks\HW2\Debug\HW2.exe
C:\Users\csoulakian\Documents\COMP 271\homeworks\HW2\Debug\HW2.ilk
